{"numTotalTestSuites":11,"numPassedTestSuites":8,"numFailedTestSuites":3,"numPendingTestSuites":0,"numTotalTests":15,"numPassedTests":14,"numFailedTests":1,"numPendingTests":0,"numTodoTests":0,"snapshot":{"added":0,"failure":false,"filesAdded":0,"filesRemoved":0,"filesRemovedList":[],"filesUnmatched":0,"filesUpdated":0,"matched":0,"total":0,"unchecked":0,"uncheckedKeysByFile":[],"unmatched":0,"updated":0,"didUpdate":false},"startTime":1769853409034,"success":false,"testResults":[{"assertionResults":[{"ancestorTitles":["Example Test"],"fullName":"Example Test should pass","status":"passed","title":"should pass","duration":2.20450000000028,"failureMessages":[],"meta":{}}],"startTime":1769853411766,"endTime":1769853411768.2046,"status":"passed","message":"","name":"C:/Users/tusha/OneDrive/Desktop/Recruit_Flow/recruitflow/__tests__/example.test.tsx"},{"assertionResults":[{"ancestorTitles":["Validation Schemas","signUpSchema"],"fullName":"Validation Schemas signUpSchema should validate valid sign up data","status":"passed","title":"should validate valid sign up data","duration":2.467399999999998,"failureMessages":[],"meta":{}},{"ancestorTitles":["Validation Schemas","signUpSchema"],"fullName":"Validation Schemas signUpSchema should fail on invalid email","status":"passed","title":"should fail on invalid email","duration":0.7759999999998399,"failureMessages":[],"meta":{}},{"ancestorTitles":["Validation Schemas","signUpSchema"],"fullName":"Validation Schemas signUpSchema should fail on short password","status":"failed","title":"should fail on short password","duration":3.9994000000001506,"failureMessages":["TypeError: Cannot read properties of undefined (reading '0')\n    at C:/Users/tusha/OneDrive/Desktop/Recruit_Flow/recruitflow/__tests__/validations.test.ts:39:29\n    at file:///C:/Users/tusha/OneDrive/Desktop/Recruit_Flow/recruitflow/node_modules/@vitest/runner/dist/index.js:145:11\n    at file:///C:/Users/tusha/OneDrive/Desktop/Recruit_Flow/recruitflow/node_modules/@vitest/runner/dist/index.js:915:26\n    at file:///C:/Users/tusha/OneDrive/Desktop/Recruit_Flow/recruitflow/node_modules/@vitest/runner/dist/index.js:1243:20\n    at new Promise (<anonymous>)\n    at runWithTimeout (file:///C:/Users/tusha/OneDrive/Desktop/Recruit_Flow/recruitflow/node_modules/@vitest/runner/dist/index.js:1209:10)\n    at file:///C:/Users/tusha/OneDrive/Desktop/Recruit_Flow/recruitflow/node_modules/@vitest/runner/dist/index.js:1653:37\n    at Traces.$ (file:///C:/Users/tusha/OneDrive/Desktop/Recruit_Flow/recruitflow/node_modules/vitest/dist/chunks/traces.CCmnQaNT.js:142:27)\n    at trace (file:///C:/Users/tusha/OneDrive/Desktop/Recruit_Flow/recruitflow/node_modules/vitest/dist/chunks/test.B8ej_ZHS.js:239:21)\n    at runTest (file:///C:/Users/tusha/OneDrive/Desktop/Recruit_Flow/recruitflow/node_modules/@vitest/runner/dist/index.js:1653:12)"],"meta":{}},{"ancestorTitles":["Validation Schemas","createJobSchema"],"fullName":"Validation Schemas createJobSchema should validate valid job data","status":"passed","title":"should validate valid job data","duration":0.9480000000003201,"failureMessages":[],"meta":{}},{"ancestorTitles":["Validation Schemas","createJobSchema"],"fullName":"Validation Schemas createJobSchema should fail on short description","status":"passed","title":"should fail on short description","duration":0.3065999999998894,"failureMessages":[],"meta":{}},{"ancestorTitles":["Validation Schemas","createApplicationSchema"],"fullName":"Validation Schemas createApplicationSchema should validate valid application data","status":"passed","title":"should validate valid application data","duration":0.6743999999998778,"failureMessages":[],"meta":{}},{"ancestorTitles":["Validation Schemas","createApplicationSchema"],"fullName":"Validation Schemas createApplicationSchema should fail on invalid URL","status":"passed","title":"should fail on invalid URL","duration":0.6084999999998217,"failureMessages":[],"meta":{}}],"startTime":1769853411914,"endTime":1769853411923.6743,"status":"failed","message":"","name":"C:/Users/tusha/OneDrive/Desktop/Recruit_Flow/recruitflow/__tests__/validations.test.ts"},{"assertionResults":[{"ancestorTitles":["Workflow Engine","isValidTransition"],"fullName":"Workflow Engine isValidTransition should return true for same status","status":"passed","title":"should return true for same status","duration":1.5291999999999462,"failureMessages":[],"meta":{}},{"ancestorTitles":["Workflow Engine","isValidTransition"],"fullName":"Workflow Engine isValidTransition should return true for valid transitions","status":"passed","title":"should return true for valid transitions","duration":0.39560000000028595,"failureMessages":[],"meta":{}},{"ancestorTitles":["Workflow Engine","isValidTransition"],"fullName":"Workflow Engine isValidTransition should return false for invalid transitions","status":"passed","title":"should return false for invalid transitions","duration":0.31730000000015934,"failureMessages":[],"meta":{}},{"ancestorTitles":["Workflow Engine","isValidTransition"],"fullName":"Workflow Engine isValidTransition should allow reconsidering a rejected application","status":"passed","title":"should allow reconsidering a rejected application","duration":0.2674000000001797,"failureMessages":[],"meta":{}},{"ancestorTitles":["Workflow Engine","isValidTransition"],"fullName":"Workflow Engine isValidTransition should allow renegotiating a declined offer","status":"passed","title":"should allow renegotiating a declined offer","duration":0.19430000000011205,"failureMessages":[],"meta":{}},{"ancestorTitles":["Workflow Engine","getPossibleNextStatuses"],"fullName":"Workflow Engine getPossibleNextStatuses should return empty array for terminal states","status":"passed","title":"should return empty array for terminal states","duration":0.8232000000002699,"failureMessages":[],"meta":{}},{"ancestorTitles":["Workflow Engine","getPossibleNextStatuses"],"fullName":"Workflow Engine getPossibleNextStatuses should return all possible statuses for given state","status":"passed","title":"should return all possible statuses for given state","duration":1.3269000000000233,"failureMessages":[],"meta":{}}],"startTime":1769853411831,"endTime":1769853411836.327,"status":"passed","message":"","name":"C:/Users/tusha/OneDrive/Desktop/Recruit_Flow/recruitflow/__tests__/workflow.test.ts"}]}
